Arguments: 
  /usr/bin/nodejs /usr/bin/yarn

PATH: 
  /home/vagrant/golang/bin:/usr/local/go/bin:/root/.composer/vendor/bin:/usr/local/sbin:/usr/local/bin:/usr/sbin:/usr/bin:/sbin:/bin:/usr/games:/usr/local/games

Yarn version: 
  0.19.1

Node version: 
  5.10.1

Platform: 
  linux x64

npm manifest: 
  {
    "private": true,
    "devDependencies": {
      "gulp": "^3.8.8"
    },
    "dependencies": {
      "admin-lte": "^2.3.11",
      "bootstrap": "^3.3.6",
      "bootstrap-sass": "^3.0.0",
      "dropzone": "^4.3.0",
      "font-awesome": "^4.6.3",
      "ionicons": "^3.0.0",
      "jquery": "^2.2.0",
      "laravel-elixir": "^3.0.0",
      "sweetalert": "^1.1.3"
    }
  }

yarn manifest: 
  No manifest

Lockfile: 
  No lockfile

Trace: 
  Error: http://registry.npm.taobao.org/ckeditor/download/ckeditor-4.7.3.tgz: unexpected end of file
      at Zlib._handle.onerror (zlib.js:363:17)
